[0.035s] Invoking command in '/home/ubuntu/chapt6/chapt6_ws/build/my_robo_description': CMAKE_PREFIX_PATH=${CMAKE_PREFIX_PATH}:/opt/ros/humble /usr/bin/cmake --build /home/ubuntu/chapt6/chapt6_ws/build/my_robo_description -- -j2 -l2
[0.236s] Invoked command in '/home/ubuntu/chapt6/chapt6_ws/build/my_robo_description' returned '0': CMAKE_PREFIX_PATH=${CMAKE_PREFIX_PATH}:/opt/ros/humble /usr/bin/cmake --build /home/ubuntu/chapt6/chapt6_ws/build/my_robo_description -- -j2 -l2
[0.265s] Invoking command in '/home/ubuntu/chapt6/chapt6_ws/build/my_robo_description': CMAKE_PREFIX_PATH=${CMAKE_PREFIX_PATH}:/opt/ros/humble /usr/bin/cmake --install /home/ubuntu/chapt6/chapt6_ws/build/my_robo_description
[0.285s] -- Install configuration: ""
[0.288s] -- Up-to-date: /home/ubuntu/chapt6/chapt6_ws/install/my_robo_description/share/my_robo_description/launch
[0.288s] -- Installing: /home/ubuntu/chapt6/chapt6_ws/install/my_robo_description/share/my_robo_description/launch/display_robot.launch.py
[0.289s] -- Up-to-date: /home/ubuntu/chapt6/chapt6_ws/install/my_robo_description/share/my_robo_description/URDF
[0.290s] -- Up-to-date: /home/ubuntu/chapt6/chapt6_ws/install/my_robo_description/share/my_robo_description/URDF/my_robo.gv
[0.290s] -- Up-to-date: /home/ubuntu/chapt6/chapt6_ws/install/my_robo_description/share/my_robo_description/URDF/my_robo.urdf
[0.290s] -- Up-to-date: /home/ubuntu/chapt6/chapt6_ws/install/my_robo_description/share/my_robo_description/URDF/my_robo.pdf
[0.290s] -- Up-to-date: /home/ubuntu/chapt6/chapt6_ws/install/my_robo_description/share/ament_index/resource_index/package_run_dependencies/my_robo_description
[0.290s] -- Up-to-date: /home/ubuntu/chapt6/chapt6_ws/install/my_robo_description/share/ament_index/resource_index/parent_prefix_path/my_robo_description
[0.290s] -- Up-to-date: /home/ubuntu/chapt6/chapt6_ws/install/my_robo_description/share/my_robo_description/environment/ament_prefix_path.sh
[0.291s] -- Up-to-date: /home/ubuntu/chapt6/chapt6_ws/install/my_robo_description/share/my_robo_description/environment/ament_prefix_path.dsv
[0.294s] -- Up-to-date: /home/ubuntu/chapt6/chapt6_ws/install/my_robo_description/share/my_robo_description/environment/path.sh
[0.294s] -- Up-to-date: /home/ubuntu/chapt6/chapt6_ws/install/my_robo_description/share/my_robo_description/environment/path.dsv
[0.295s] -- Up-to-date: /home/ubuntu/chapt6/chapt6_ws/install/my_robo_description/share/my_robo_description/local_setup.bash
[0.296s] -- Up-to-date: /home/ubuntu/chapt6/chapt6_ws/install/my_robo_description/share/my_robo_description/local_setup.sh
[0.296s] -- Up-to-date: /home/ubuntu/chapt6/chapt6_ws/install/my_robo_description/share/my_robo_description/local_setup.zsh
[0.296s] -- Up-to-date: /home/ubuntu/chapt6/chapt6_ws/install/my_robo_description/share/my_robo_description/local_setup.dsv
[0.296s] -- Installing: /home/ubuntu/chapt6/chapt6_ws/install/my_robo_description/share/my_robo_description/package.dsv
[0.297s] -- Up-to-date: /home/ubuntu/chapt6/chapt6_ws/install/my_robo_description/share/ament_index/resource_index/packages/my_robo_description
[0.297s] -- Up-to-date: /home/ubuntu/chapt6/chapt6_ws/install/my_robo_description/share/my_robo_description/cmake/my_robo_descriptionConfig.cmake
[0.300s] -- Up-to-date: /home/ubuntu/chapt6/chapt6_ws/install/my_robo_description/share/my_robo_description/cmake/my_robo_descriptionConfig-version.cmake
[0.301s] -- Up-to-date: /home/ubuntu/chapt6/chapt6_ws/install/my_robo_description/share/my_robo_description/package.xml
[0.309s] Invoked command in '/home/ubuntu/chapt6/chapt6_ws/build/my_robo_description' returned '0': CMAKE_PREFIX_PATH=${CMAKE_PREFIX_PATH}:/opt/ros/humble /usr/bin/cmake --install /home/ubuntu/chapt6/chapt6_ws/build/my_robo_description
