[0.034s] Invoking command in '/home/ubuntu/chapt6/chapt6_ws/build/my_robo_description': CMAKE_PREFIX_PATH=${CMAKE_PREFIX_PATH}:/opt/ros/humble /usr/bin/cmake --build /home/ubuntu/chapt6/chapt6_ws/build/my_robo_description -- -j2 -l2
[0.207s] Invoked command in '/home/ubuntu/chapt6/chapt6_ws/build/my_robo_description' returned '0': CMAKE_PREFIX_PATH=${CMAKE_PREFIX_PATH}:/opt/ros/humble /usr/bin/cmake --build /home/ubuntu/chapt6/chapt6_ws/build/my_robo_description -- -j2 -l2
[0.247s] Invoking command in '/home/ubuntu/chapt6/chapt6_ws/build/my_robo_description': CMAKE_PREFIX_PATH=${CMAKE_PREFIX_PATH}:/opt/ros/humble /usr/bin/cmake --install /home/ubuntu/chapt6/chapt6_ws/build/my_robo_description
[0.275s] -- Install configuration: ""
[0.275s] -- Up-to-date: /home/ubuntu/chapt6/chapt6_ws/install/my_robo_description/share/my_robo_description/launch
[0.277s] -- Installing: /home/ubuntu/chapt6/chapt6_ws/install/my_robo_description/share/my_robo_description/launch/display_robot.launch.py
[0.279s] -- Up-to-date: /home/ubuntu/chapt6/chapt6_ws/install/my_robo_description/share/my_robo_description/URDF
[0.279s] -- Up-to-date: /home/ubuntu/chapt6/chapt6_ws/install/my_robo_description/share/my_robo_description/URDF/my_robo.gv
[0.279s] -- Up-to-date: /home/ubuntu/chapt6/chapt6_ws/install/my_robo_description/share/my_robo_description/URDF/my_robo.urdf
[0.279s] -- Up-to-date: /home/ubuntu/chapt6/chapt6_ws/install/my_robo_description/share/my_robo_description/URDF/my_robo.pdf
[0.282s] -- Up-to-date: /home/ubuntu/chapt6/chapt6_ws/install/my_robo_description/share/ament_index/resource_index/package_run_dependencies/my_robo_description
[0.283s] -- Up-to-date: /home/ubuntu/chapt6/chapt6_ws/install/my_robo_description/share/ament_index/resource_index/parent_prefix_path/my_robo_description
[0.283s] -- Up-to-date: /home/ubuntu/chapt6/chapt6_ws/install/my_robo_description/share/my_robo_description/environment/ament_prefix_path.sh
[0.283s] -- Up-to-date: /home/ubuntu/chapt6/chapt6_ws/install/my_robo_description/share/my_robo_description/environment/ament_prefix_path.dsv
[0.283s] -- Up-to-date: /home/ubuntu/chapt6/chapt6_ws/install/my_robo_description/share/my_robo_description/environment/path.sh
[0.283s] -- Up-to-date: /home/ubuntu/chapt6/chapt6_ws/install/my_robo_description/share/my_robo_description/environment/path.dsv
[0.283s] -- Up-to-date: /home/ubuntu/chapt6/chapt6_ws/install/my_robo_description/share/my_robo_description/local_setup.bash
[0.283s] -- Up-to-date: /home/ubuntu/chapt6/chapt6_ws/install/my_robo_description/share/my_robo_description/local_setup.sh
[0.286s] -- Up-to-date: /home/ubuntu/chapt6/chapt6_ws/install/my_robo_description/share/my_robo_description/local_setup.zsh
[0.286s] -- Up-to-date: /home/ubuntu/chapt6/chapt6_ws/install/my_robo_description/share/my_robo_description/local_setup.dsv
[0.286s] -- Installing: /home/ubuntu/chapt6/chapt6_ws/install/my_robo_description/share/my_robo_description/package.dsv
[0.286s] -- Up-to-date: /home/ubuntu/chapt6/chapt6_ws/install/my_robo_description/share/ament_index/resource_index/packages/my_robo_description
[0.286s] -- Up-to-date: /home/ubuntu/chapt6/chapt6_ws/install/my_robo_description/share/my_robo_description/cmake/my_robo_descriptionConfig.cmake
[0.287s] -- Up-to-date: /home/ubuntu/chapt6/chapt6_ws/install/my_robo_description/share/my_robo_description/cmake/my_robo_descriptionConfig-version.cmake
[0.287s] -- Up-to-date: /home/ubuntu/chapt6/chapt6_ws/install/my_robo_description/share/my_robo_description/package.xml
[0.291s] Invoked command in '/home/ubuntu/chapt6/chapt6_ws/build/my_robo_description' returned '0': CMAKE_PREFIX_PATH=${CMAKE_PREFIX_PATH}:/opt/ros/humble /usr/bin/cmake --install /home/ubuntu/chapt6/chapt6_ws/build/my_robo_description
