[0.045s] Invoking command in '/home/ubuntu/chapt6/chapt6_ws/build/my_robo_description': CMAKE_PREFIX_PATH=/opt/ros/humble /usr/bin/cmake --build /home/ubuntu/chapt6/chapt6_ws/build/my_robo_description -- -j2 -l2
[0.184s] Invoked command in '/home/ubuntu/chapt6/chapt6_ws/build/my_robo_description' returned '0': CMAKE_PREFIX_PATH=/opt/ros/humble /usr/bin/cmake --build /home/ubuntu/chapt6/chapt6_ws/build/my_robo_description -- -j2 -l2
[0.225s] Invoking command in '/home/ubuntu/chapt6/chapt6_ws/build/my_robo_description': CMAKE_PREFIX_PATH=/opt/ros/humble /usr/bin/cmake --install /home/ubuntu/chapt6/chapt6_ws/build/my_robo_description
[0.286s] -- Install configuration: ""
[0.286s] -- Up-to-date: /home/ubuntu/chapt6/chapt6_ws/install/my_robo_description/share/my_robo_description/launch
[0.286s] -- Up-to-date: /home/ubuntu/chapt6/chapt6_ws/install/my_robo_description/share/my_robo_description/launch/display_robot.launch.py
[0.287s] -- Up-to-date: /home/ubuntu/chapt6/chapt6_ws/install/my_robo_description/share/my_robo_description/URDF
[0.288s] -- Up-to-date: /home/ubuntu/chapt6/chapt6_ws/install/my_robo_description/share/my_robo_description/URDF/sensor
[0.288s] -- Up-to-date: /home/ubuntu/chapt6/chapt6_ws/install/my_robo_description/share/my_robo_description/URDF/sensor/imu.urdf.xacro
[0.288s] -- Up-to-date: /home/ubuntu/chapt6/chapt6_ws/install/my_robo_description/share/my_robo_description/URDF/sensor/lidar.urdf.xacro
[0.288s] -- Up-to-date: /home/ubuntu/chapt6/chapt6_ws/install/my_robo_description/share/my_robo_description/URDF/sensor/camera.urdf.xacro
[0.288s] -- Up-to-date: /home/ubuntu/chapt6/chapt6_ws/install/my_robo_description/share/my_robo_description/URDF/my_robo.xacro
[0.289s] -- Up-to-date: /home/ubuntu/chapt6/chapt6_ws/install/my_robo_description/share/my_robo_description/URDF/my_robo.gv
[0.289s] -- Up-to-date: /home/ubuntu/chapt6/chapt6_ws/install/my_robo_description/share/my_robo_description/URDF/my_robo.urdf
[0.289s] -- Up-to-date: /home/ubuntu/chapt6/chapt6_ws/install/my_robo_description/share/my_robo_description/URDF/base.urdf.xacro
[0.289s] -- Up-to-date: /home/ubuntu/chapt6/chapt6_ws/install/my_robo_description/share/my_robo_description/URDF/ano_robo.urdf.xacro
[0.289s] -- Up-to-date: /home/ubuntu/chapt6/chapt6_ws/install/my_robo_description/share/my_robo_description/URDF/my_robo.pdf
[0.289s] -- Up-to-date: /home/ubuntu/chapt6/chapt6_ws/install/my_robo_description/share/my_robo_description/config
[0.289s] -- Up-to-date: /home/ubuntu/chapt6/chapt6_ws/install/my_robo_description/share/my_robo_description/config/display_robot_model.rviz
[0.289s] -- Up-to-date: /home/ubuntu/chapt6/chapt6_ws/install/my_robo_description/share/ament_index/resource_index/package_run_dependencies/my_robo_description
[0.289s] -- Up-to-date: /home/ubuntu/chapt6/chapt6_ws/install/my_robo_description/share/ament_index/resource_index/parent_prefix_path/my_robo_description
[0.289s] -- Up-to-date: /home/ubuntu/chapt6/chapt6_ws/install/my_robo_description/share/my_robo_description/environment/ament_prefix_path.sh
[0.290s] -- Up-to-date: /home/ubuntu/chapt6/chapt6_ws/install/my_robo_description/share/my_robo_description/environment/ament_prefix_path.dsv
[0.290s] -- Up-to-date: /home/ubuntu/chapt6/chapt6_ws/install/my_robo_description/share/my_robo_description/environment/path.sh
[0.293s] -- Up-to-date: /home/ubuntu/chapt6/chapt6_ws/install/my_robo_description/share/my_robo_description/environment/path.dsv
[0.293s] -- Up-to-date: /home/ubuntu/chapt6/chapt6_ws/install/my_robo_description/share/my_robo_description/local_setup.bash
[0.293s] -- Up-to-date: /home/ubuntu/chapt6/chapt6_ws/install/my_robo_description/share/my_robo_description/local_setup.sh
[0.294s] -- Up-to-date: /home/ubuntu/chapt6/chapt6_ws/install/my_robo_description/share/my_robo_description/local_setup.zsh
[0.294s] -- Up-to-date: /home/ubuntu/chapt6/chapt6_ws/install/my_robo_description/share/my_robo_description/local_setup.dsv
[0.294s] -- Installing: /home/ubuntu/chapt6/chapt6_ws/install/my_robo_description/share/my_robo_description/package.dsv
[0.294s] -- Up-to-date: /home/ubuntu/chapt6/chapt6_ws/install/my_robo_description/share/ament_index/resource_index/packages/my_robo_description
[0.294s] -- Up-to-date: /home/ubuntu/chapt6/chapt6_ws/install/my_robo_description/share/my_robo_description/cmake/my_robo_descriptionConfig.cmake
[0.294s] -- Up-to-date: /home/ubuntu/chapt6/chapt6_ws/install/my_robo_description/share/my_robo_description/cmake/my_robo_descriptionConfig-version.cmake
[0.295s] -- Up-to-date: /home/ubuntu/chapt6/chapt6_ws/install/my_robo_description/share/my_robo_description/package.xml
[0.298s] Invoked command in '/home/ubuntu/chapt6/chapt6_ws/build/my_robo_description' returned '0': CMAKE_PREFIX_PATH=/opt/ros/humble /usr/bin/cmake --install /home/ubuntu/chapt6/chapt6_ws/build/my_robo_description
